<?xml version="1.0" encoding="UTF-8"?>
<!-- Generated by org.testng.reporters.JUnitReportReporter -->
<testsuite hostname="QSP" failures="0" tests="1" name="scripts.Test1" time="0.005" errors="0" timestamp="2022-07-15T08:05:22 IST" skipped="0">
  <testcase classname="scripts.Test1" name="tc2" time="0.005"/>
  <system-out>
    <![CDATA[hello selenium]]>
  </system-out>
</testsuite> <!-- scripts.Test1 -->
