<?xml version="1.0" encoding="UTF-8"?>
<!-- Generated by org.testng.reporters.JUnitReportReporter -->
<testsuite hostname="QSP" failures="0" tests="1" name="scripts.Test3" time="0.017" errors="0" timestamp="2022-07-15T08:05:22 IST" skipped="0">
  <testcase classname="scripts.Test3" name="tc4" time="0.017"/>
  <system-out>
    <![CDATA[hello pythonselenium]]>
  </system-out>
</testsuite> <!-- scripts.Test3 -->
